[23624:15144:0303/212247.025:WARNING:t_skinfilemap.cpp(56)] SGRenderLog:CheckUpdate newMem.OpenMem failed, szNewMem:Local\sgime_skin.v3.filemap.sogouime err:系统错误2: 系统找不到指定的文件。  
打开Filemap失败: Local\sgime_skin.v3.filemap.sogouime298114a2757
[23624:15144:0303/212247.026:WARNING:t_skinfilemap.cpp(65)] SGRenderLog:CheckUpdate finish: old version:1
[23624:15144:0303/212247.026:WARNING:t_skinfilemap.cpp(67)] SGRenderLog:CheckUpdate finish: new version:3
[23624:15144:0303/212247.046:WARNING:t_skinfilemap.cpp(63)] SGRenderLog:CheckUpdate newMem.OpenMem Suc, szNewMem:Local\sgime_skin.Dpi144.v3.filemap.sogouime
[23624:15144:0303/212247.046:WARNING:t_skinfilemap.cpp(65)] SGRenderLog:CheckUpdate finish: old version:3
[23624:15144:0303/212247.046:WARNING:t_skinfilemap.cpp(67)] SGRenderLog:CheckUpdate finish: new version:3
[2320:11320:0303/215609.194:WARNING:t_skinfilemap.cpp(63)] SGRenderLog:CheckUpdate newMem.OpenMem Suc, szNewMem:Local\sgime_skin.v2.filemap.sogouime
[2320:11320:0303/215609.194:WARNING:t_skinfilemap.cpp(65)] SGRenderLog:CheckUpdate finish: old version:1
[2320:11320:0303/215609.194:WARNING:t_skinfilemap.cpp(67)] SGRenderLog:CheckUpdate finish: new version:2
[2320:11320:0303/215609.215:WARNING:t_skinfilemap.cpp(63)] SGRenderLog:CheckUpdate newMem.OpenMem Suc, szNewMem:Local\sgime_skin.Dpi144.v2.filemap.sogouime
[2320:11320:0303/215609.215:WARNING:t_skinfilemap.cpp(65)] SGRenderLog:CheckUpdate finish: old version:2
[2320:11320:0303/215609.215:WARNING:t_skinfilemap.cpp(67)] SGRenderLog:CheckUpdate finish: new version:2
[19992:12560:0303/215913.591:WARNING:t_skinfilemap.cpp(63)] SGRenderLog:CheckUpdate newMem.OpenMem Suc, szNewMem:Local\sgime_skin.v2.filemap.sogouime
[19992:12560:0303/215913.591:WARNING:t_skinfilemap.cpp(65)] SGRenderLog:CheckUpdate finish: old version:1
[19992:12560:0303/215913.591:WARNING:t_skinfilemap.cpp(67)] SGRenderLog:CheckUpdate finish: new version:2
[19992:12560:0303/215913.621:WARNING:t_skinfilemap.cpp(63)] SGRenderLog:CheckUpdate newMem.OpenMem Suc, szNewMem:Local\sgime_skin.Dpi144.v2.filemap.sogouime
[19992:12560:0303/215913.621:WARNING:t_skinfilemap.cpp(65)] SGRenderLog:CheckUpdate finish: old version:2
[19992:12560:0303/215913.621:WARNING:t_skinfilemap.cpp(67)] SGRenderLog:CheckUpdate finish: new version:2
[5680:23700:0303/220141.348:WARNING:t_skinfilemap.cpp(63)] SGRenderLog:CheckUpdate newMem.OpenMem Suc, szNewMem:Local\sgime_skin.v2.filemap.sogouime
[5680:23700:0303/220141.348:WARNING:t_skinfilemap.cpp(65)] SGRenderLog:CheckUpdate finish: old version:1
[5680:23700:0303/220141.348:WARNING:t_skinfilemap.cpp(67)] SGRenderLog:CheckUpdate finish: new version:2
[5680:23700:0303/220141.364:WARNING:t_skinfilemap.cpp(63)] SGRenderLog:CheckUpdate newMem.OpenMem Suc, szNewMem:Local\sgime_skin.Dpi144.v2.filemap.sogouime
[5680:23700:0303/220141.365:WARNING:t_skinfilemap.cpp(65)] SGRenderLog:CheckUpdate finish: old version:2
[5680:23700:0303/220141.365:WARNING:t_skinfilemap.cpp(67)] SGRenderLog:CheckUpdate finish: new version:2
